INFO:root:STARTED at Sun Dec 21 04:18:20 2025
INFO:root:Copy static/index.css
INFO:root:Copy static/images/gojo.jpeg
INFO:root:Copy static/images/ritsuko.png
INFO:root:Copy static/images/steps.png
INFO:root:Copy static/images/frieren-studying.jpg
INFO:root:Copy static/images/header.jpeg
INFO:root:Copy static/images/partitions.png
INFO:root:Copy static/images/immutability.jpg
INFO:root:Copy static/images/favicon.ico
INFO:root:Copy static/images/rand_max.png
INFO:root:Copy static/images/reddit-meme.jpg
INFO:root:Copy static/images/blackbox1.png
INFO:root:Copy static/images/square.png
INFO:root:Copy static/images/die_num_line.png
INFO:root:Copy static/images/blackbox2.png
INFO:root:Copy static/images/lain-meme.jpeg
INFO:root:Copy static/images/lain_studying.png
INFO:root:Copy static/images/blackbox3.png
INFO:root:Generating page from content/index.md to public/index.md using template.html.
INFO:root:Generating page from content/blog/make_cool_stuff/index.md to public/blog/make_cool_stuff/index.md using template.html.
INFO:root:Generating page from content/blog/learn_ocaml/index.md to public/blog/learn_ocaml/index.md using template.html.
INFO:root:Generating page from content/blog/randomness_impl/index.md to public/blog/randomness_impl/index.md using template.html.
INFO:root:FINISHED at Sun Dec 21 04:18:20 2025

INFO:root:STARTED at Sun Dec 21 04:18:35 2025
INFO:root:Copy static/index.css
INFO:root:Copy static/images/gojo.jpeg
INFO:root:Copy static/images/ritsuko.png
INFO:root:Copy static/images/steps.png
INFO:root:Copy static/images/frieren-studying.jpg
INFO:root:Copy static/images/header.jpeg
INFO:root:Copy static/images/partitions.png
INFO:root:Copy static/images/immutability.jpg
INFO:root:Copy static/images/favicon.ico
INFO:root:Copy static/images/rand_max.png
INFO:root:Copy static/images/reddit-meme.jpg
INFO:root:Copy static/images/blackbox1.png
INFO:root:Copy static/images/square.png
INFO:root:Copy static/images/die_num_line.png
INFO:root:Copy static/images/blackbox2.png
INFO:root:Copy static/images/lain-meme.jpeg
INFO:root:Copy static/images/lain_studying.png
INFO:root:Copy static/images/blackbox3.png
INFO:root:Generating page from content/index.md to public/index.md using template.html.
INFO:root:Generating page from content/blog/make_cool_stuff/index.md to public/blog/make_cool_stuff/index.md using template.html.
INFO:root:Generating page from content/blog/learn_ocaml/index.md to public/blog/learn_ocaml/index.md using template.html.
INFO:root:Generating page from content/blog/randomness_impl/index.md to public/blog/randomness_impl/index.md using template.html.
INFO:root:STARTED at Sun Dec 21 04:20:18 2025
INFO:root:Copy static/index.css
INFO:root:Copy static/images/gojo.jpeg
INFO:root:Copy static/images/ritsuko.png
INFO:root:Copy static/images/steps.png
INFO:root:Copy static/images/frieren-studying.jpg
INFO:root:Copy static/images/header.jpeg
INFO:root:Copy static/images/partitions.png
INFO:root:Copy static/images/immutability.jpg
INFO:root:Copy static/images/favicon.ico
INFO:root:Copy static/images/rand_max.png
INFO:root:Copy static/images/reddit-meme.jpg
INFO:root:Copy static/images/blackbox1.png
INFO:root:Copy static/images/square.png
INFO:root:Copy static/images/die_num_line.png
INFO:root:Copy static/images/blackbox2.png
INFO:root:Copy static/images/lain-meme.jpeg
INFO:root:Copy static/images/lain_studying.png
INFO:root:Copy static/images/blackbox3.png
INFO:root:Generating page from content/index.md to public/index.md using template.html.
INFO:root:Generating page from content/blog/make_cool_stuff/index.md to public/blog/make_cool_stuff/index.md using template.html.
INFO:root:Generating page from content/blog/learn_ocaml/index.md to public/blog/learn_ocaml/index.md using template.html.
INFO:root:Generating page from content/blog/randomness_impl/index.md to public/blog/randomness_impl/index.md using template.html.
INFO:root:FINISHED at Sun Dec 21 04:20:18 2025

INFO:root:STARTED at Sun Dec 21 04:21:33 2025
INFO:root:Copy static/index.css
INFO:root:Copy static/images/gojo.jpeg
INFO:root:Copy static/images/ritsuko.png
INFO:root:Copy static/images/steps.png
INFO:root:Copy static/images/frieren-studying.jpg
INFO:root:Copy static/images/header.jpeg
INFO:root:Copy static/images/partitions.png
INFO:root:Copy static/images/immutability.jpg
INFO:root:Copy static/images/favicon.ico
INFO:root:Copy static/images/rand_max.png
INFO:root:Copy static/images/reddit-meme.jpg
INFO:root:Copy static/images/blackbox1.png
INFO:root:Copy static/images/square.png
INFO:root:Copy static/images/die_num_line.png
INFO:root:Copy static/images/blackbox2.png
INFO:root:Copy static/images/lain-meme.jpeg
INFO:root:Copy static/images/lain_studying.png
INFO:root:Copy static/images/blackbox3.png
INFO:root:Generating page from content/index.md to public/index.md using template.html.
INFO:root:Generating page from content/blog/make_cool_stuff/index.md to public/blog/make_cool_stuff/index.md using template.html.
INFO:root:Generating page from content/blog/learn_ocaml/index.md to public/blog/learn_ocaml/index.md using template.html.
INFO:root:Generating page from content/blog/randomness_impl/index.md to public/blog/randomness_impl/index.md using template.html.
INFO:root:FINISHED at Sun Dec 21 04:21:33 2025

INFO:root:STARTED at Sun Dec 21 04:33:40 2025
INFO:root:Copy static/index.css
INFO:root:Copy static/images/gojo.jpeg
INFO:root:Copy static/images/ritsuko.png
INFO:root:Copy static/images/steps.png
INFO:root:Copy static/images/frieren-studying.jpg
INFO:root:Copy static/images/header.jpeg
INFO:root:Copy static/images/partitions.png
INFO:root:Copy static/images/immutability.jpg
INFO:root:Copy static/images/favicon.ico
INFO:root:Copy static/images/rand_max.png
INFO:root:Copy static/images/reddit-meme.jpg
INFO:root:Copy static/images/blackbox1.png
INFO:root:Copy static/images/square.png
INFO:root:Copy static/images/die_num_line.png
INFO:root:Copy static/images/blackbox2.png
INFO:root:Copy static/images/lain-meme.jpeg
INFO:root:Copy static/images/lain_studying.png
INFO:root:Copy static/images/blackbox3.png
INFO:root:Generating page from content/index.md to public/index.md using template.html.
INFO:root:Generating page from content/blog/make_cool_stuff/index.md to public/blog/make_cool_stuff/index.md using template.html.
INFO:root:Generating page from content/blog/learn_ocaml/index.md to public/blog/learn_ocaml/index.md using template.html.
INFO:root:Generating page from content/blog/randomness_impl/index.md to public/blog/randomness_impl/index.md using template.html.
INFO:root:FINISHED at Sun Dec 21 04:33:40 2025

INFO:root:STARTED at Sun Dec 21 04:41:08 2025
INFO:root:Copy static/index.css
INFO:root:Copy static/images/gojo.jpeg
INFO:root:Copy static/images/ritsuko.png
INFO:root:Copy static/images/steps.png
INFO:root:Copy static/images/frieren-studying.jpg
INFO:root:Copy static/images/header.jpeg
INFO:root:Copy static/images/partitions.png
INFO:root:Copy static/images/immutability.jpg
INFO:root:Copy static/images/favicon.ico
INFO:root:Copy static/images/rand_max.png
INFO:root:Copy static/images/reddit-meme.jpg
INFO:root:Copy static/images/blackbox1.png
INFO:root:Copy static/images/square.png
INFO:root:Copy static/images/die_num_line.png
INFO:root:Copy static/images/blackbox2.png
INFO:root:Copy static/images/lain-meme.jpeg
INFO:root:Copy static/images/lain_studying.png
INFO:root:Copy static/images/blackbox3.png
INFO:root:Generating page from content/index.md to public/index.md using template.html.
INFO:root:Generating page from content/blog/make_cool_stuff/index.md to public/blog/make_cool_stuff/index.md using template.html.
INFO:root:Generating page from content/blog/learn_ocaml/index.md to public/blog/learn_ocaml/index.md using template.html.
INFO:root:Generating page from content/blog/randomness_impl/index.md to public/blog/randomness_impl/index.md using template.html.
INFO:root:FINISHED at Sun Dec 21 04:41:08 2025

INFO:root:STARTED at Sun Dec 21 04:41:24 2025
INFO:root:Copy static/index.css
INFO:root:Copy static/images/gojo.jpeg
INFO:root:Copy static/images/ritsuko.png
INFO:root:Copy static/images/steps.png
INFO:root:Copy static/images/frieren-studying.jpg
INFO:root:Copy static/images/header.jpeg
INFO:root:Copy static/images/partitions.png
INFO:root:Copy static/images/immutability.jpg
INFO:root:Copy static/images/favicon.ico
INFO:root:Copy static/images/rand_max.png
INFO:root:Copy static/images/reddit-meme.jpg
INFO:root:Copy static/images/blackbox1.png
INFO:root:Copy static/images/square.png
INFO:root:Copy static/images/die_num_line.png
INFO:root:Copy static/images/blackbox2.png
INFO:root:Copy static/images/lain-meme.jpeg
INFO:root:Copy static/images/lain_studying.png
INFO:root:Copy static/images/blackbox3.png
INFO:root:Generating page from content/index.md to public/index.md using template.html.
INFO:root:Generating page from content/blog/make_cool_stuff/index.md to public/blog/make_cool_stuff/index.md using template.html.
INFO:root:Generating page from content/blog/learn_ocaml/index.md to public/blog/learn_ocaml/index.md using template.html.
INFO:root:Generating page from content/blog/randomness_impl/index.md to public/blog/randomness_impl/index.md using template.html.
INFO:root:FINISHED at Sun Dec 21 04:41:24 2025

INFO:root:STARTED at Sun Dec 21 04:45:00 2025
INFO:root:Copy static/index.css
INFO:root:Copy static/images/gojo.jpeg
INFO:root:Copy static/images/ritsuko.png
INFO:root:Copy static/images/steps.png
INFO:root:Copy static/images/frieren-studying.jpg
INFO:root:Copy static/images/header.jpeg
INFO:root:Copy static/images/partitions.png
INFO:root:Copy static/images/immutability.jpg
INFO:root:Copy static/images/favicon.ico
INFO:root:Copy static/images/rand_max.png
INFO:root:Copy static/images/reddit-meme.jpg
INFO:root:Copy static/images/blackbox1.png
INFO:root:Copy static/images/square.png
INFO:root:Copy static/images/die_num_line.png
INFO:root:Copy static/images/blackbox2.png
INFO:root:Copy static/images/lain-meme.jpeg
INFO:root:Copy static/images/lain_studying.png
INFO:root:Copy static/images/blackbox3.png
INFO:root:Generating page from content/index.md to public/index.md using template.html.
INFO:root:Generating page from content/blog/make_cool_stuff/index.md to public/blog/make_cool_stuff/index.md using template.html.
INFO:root:Generating page from content/blog/learn_ocaml/index.md to public/blog/learn_ocaml/index.md using template.html.
INFO:root:Generating page from content/blog/randomness_impl/index.md to public/blog/randomness_impl/index.md using template.html.
INFO:root:FINISHED at Sun Dec 21 04:45:00 2025

INFO:root:STARTED at Sun Dec 21 04:45:22 2025
INFO:root:Copy static/index.css
INFO:root:Copy static/images/gojo.jpeg
INFO:root:Copy static/images/ritsuko.png
INFO:root:Copy static/images/steps.png
INFO:root:Copy static/images/frieren-studying.jpg
INFO:root:Copy static/images/header.jpeg
INFO:root:Copy static/images/partitions.png
INFO:root:Copy static/images/immutability.jpg
INFO:root:Copy static/images/favicon.ico
INFO:root:Copy static/images/rand_max.png
INFO:root:Copy static/images/reddit-meme.jpg
INFO:root:Copy static/images/blackbox1.png
INFO:root:Copy static/images/square.png
INFO:root:Copy static/images/die_num_line.png
INFO:root:Copy static/images/blackbox2.png
INFO:root:Copy static/images/lain-meme.jpeg
INFO:root:Copy static/images/lain_studying.png
INFO:root:Copy static/images/blackbox3.png
INFO:root:Generating page from content/index.md to public/index.md using template.html.
INFO:root:Generating page from content/blog/make_cool_stuff/index.md to public/blog/make_cool_stuff/index.md using template.html.
INFO:root:Generating page from content/blog/learn_ocaml/index.md to public/blog/learn_ocaml/index.md using template.html.
INFO:root:Generating page from content/blog/randomness_impl/index.md to public/blog/randomness_impl/index.md using template.html.
INFO:root:FINISHED at Sun Dec 21 04:45:22 2025

INFO:root:STARTED at Sun Dec 21 04:45:36 2025
INFO:root:Copy static/index.css
INFO:root:Copy static/images/gojo.jpeg
INFO:root:Copy static/images/ritsuko.png
INFO:root:Copy static/images/steps.png
INFO:root:Copy static/images/frieren-studying.jpg
INFO:root:Copy static/images/header.jpeg
INFO:root:Copy static/images/partitions.png
INFO:root:Copy static/images/immutability.jpg
INFO:root:Copy static/images/favicon.ico
INFO:root:Copy static/images/rand_max.png
INFO:root:Copy static/images/reddit-meme.jpg
INFO:root:Copy static/images/blackbox1.png
INFO:root:Copy static/images/square.png
INFO:root:Copy static/images/die_num_line.png
INFO:root:Copy static/images/blackbox2.png
INFO:root:Copy static/images/lain-meme.jpeg
INFO:root:Copy static/images/lain_studying.png
INFO:root:Copy static/images/blackbox3.png
INFO:root:Generating page from content/index.md to public/index.md using template.html.
INFO:root:Generating page from content/blog/make_cool_stuff/index.md to public/blog/make_cool_stuff/index.md using template.html.
INFO:root:Generating page from content/blog/learn_ocaml/index.md to public/blog/learn_ocaml/index.md using template.html.
INFO:root:Generating page from content/blog/randomness_impl/index.md to public/blog/randomness_impl/index.md using template.html.
INFO:root:FINISHED at Sun Dec 21 04:45:36 2025

INFO:root:STARTED at Sun Dec 21 04:45:51 2025
INFO:root:Copy static/index.css
INFO:root:Copy static/images/gojo.jpeg
INFO:root:Copy static/images/ritsuko.png
INFO:root:Copy static/images/steps.png
INFO:root:Copy static/images/frieren-studying.jpg
INFO:root:Copy static/images/header.jpeg
INFO:root:Copy static/images/partitions.png
INFO:root:Copy static/images/immutability.jpg
INFO:root:Copy static/images/favicon.ico
INFO:root:Copy static/images/rand_max.png
INFO:root:Copy static/images/reddit-meme.jpg
INFO:root:Copy static/images/blackbox1.png
INFO:root:Copy static/images/square.png
INFO:root:Copy static/images/die_num_line.png
INFO:root:Copy static/images/blackbox2.png
INFO:root:Copy static/images/lain-meme.jpeg
INFO:root:Copy static/images/lain_studying.png
INFO:root:Copy static/images/blackbox3.png
INFO:root:Generating page from content/index.md to public/index.md using template.html.
INFO:root:Generating page from content/blog/make_cool_stuff/index.md to public/blog/make_cool_stuff/index.md using template.html.
INFO:root:Generating page from content/blog/learn_ocaml/index.md to public/blog/learn_ocaml/index.md using template.html.
INFO:root:Generating page from content/blog/randomness_impl/index.md to public/blog/randomness_impl/index.md using template.html.
INFO:root:FINISHED at Sun Dec 21 04:45:51 2025

INFO:root:STARTED at Sun Dec 21 04:46:03 2025
INFO:root:Copy static/index.css
INFO:root:Copy static/images/gojo.jpeg
INFO:root:Copy static/images/ritsuko.png
INFO:root:Copy static/images/steps.png
INFO:root:Copy static/images/frieren-studying.jpg
INFO:root:Copy static/images/header.jpeg
INFO:root:Copy static/images/partitions.png
INFO:root:Copy static/images/immutability.jpg
INFO:root:Copy static/images/favicon.ico
INFO:root:Copy static/images/rand_max.png
INFO:root:Copy static/images/reddit-meme.jpg
INFO:root:Copy static/images/blackbox1.png
INFO:root:Copy static/images/square.png
INFO:root:Copy static/images/die_num_line.png
INFO:root:Copy static/images/blackbox2.png
INFO:root:Copy static/images/lain-meme.jpeg
INFO:root:Copy static/images/lain_studying.png
INFO:root:Copy static/images/blackbox3.png
INFO:root:Generating page from content/index.md to public/index.md using template.html.
INFO:root:Generating page from content/blog/make_cool_stuff/index.md to public/blog/make_cool_stuff/index.md using template.html.
INFO:root:Generating page from content/blog/learn_ocaml/index.md to public/blog/learn_ocaml/index.md using template.html.
INFO:root:Generating page from content/blog/randomness_impl/index.md to public/blog/randomness_impl/index.md using template.html.
INFO:root:FINISHED at Sun Dec 21 04:46:03 2025

INFO:root:STARTED at Sun Dec 21 04:46:19 2025
INFO:root:Copy static/index.css
INFO:root:Copy static/images/gojo.jpeg
INFO:root:Copy static/images/ritsuko.png
INFO:root:Copy static/images/steps.png
INFO:root:Copy static/images/frieren-studying.jpg
INFO:root:Copy static/images/header.jpeg
INFO:root:Copy static/images/partitions.png
INFO:root:Copy static/images/immutability.jpg
INFO:root:Copy static/images/favicon.ico
INFO:root:Copy static/images/rand_max.png
INFO:root:Copy static/images/reddit-meme.jpg
INFO:root:Copy static/images/blackbox1.png
INFO:root:Copy static/images/square.png
INFO:root:Copy static/images/die_num_line.png
INFO:root:Copy static/images/blackbox2.png
INFO:root:Copy static/images/lain-meme.jpeg
INFO:root:Copy static/images/lain_studying.png
INFO:root:Copy static/images/blackbox3.png
INFO:root:Generating page from content/index.md to public/index.md using template.html.
INFO:root:Generating page from content/blog/make_cool_stuff/index.md to public/blog/make_cool_stuff/index.md using template.html.
INFO:root:Generating page from content/blog/learn_ocaml/index.md to public/blog/learn_ocaml/index.md using template.html.
INFO:root:Generating page from content/blog/randomness_impl/index.md to public/blog/randomness_impl/index.md using template.html.
INFO:root:FINISHED at Sun Dec 21 04:46:19 2025

INFO:root:STARTED at Sun Dec 21 04:46:36 2025
INFO:root:Copy static/index.css
INFO:root:Copy static/images/gojo.jpeg
INFO:root:Copy static/images/ritsuko.png
INFO:root:Copy static/images/steps.png
INFO:root:Copy static/images/frieren-studying.jpg
INFO:root:Copy static/images/header.jpeg
INFO:root:Copy static/images/partitions.png
INFO:root:Copy static/images/immutability.jpg
INFO:root:Copy static/images/favicon.ico
INFO:root:Copy static/images/rand_max.png
INFO:root:Copy static/images/reddit-meme.jpg
INFO:root:Copy static/images/blackbox1.png
INFO:root:Copy static/images/square.png
INFO:root:Copy static/images/die_num_line.png
INFO:root:Copy static/images/blackbox2.png
INFO:root:Copy static/images/lain-meme.jpeg
INFO:root:Copy static/images/lain_studying.png
INFO:root:Copy static/images/blackbox3.png
INFO:root:Generating page from content/index.md to public/index.md using template.html.
INFO:root:Generating page from content/blog/make_cool_stuff/index.md to public/blog/make_cool_stuff/index.md using template.html.
INFO:root:Generating page from content/blog/learn_ocaml/index.md to public/blog/learn_ocaml/index.md using template.html.
INFO:root:Generating page from content/blog/randomness_impl/index.md to public/blog/randomness_impl/index.md using template.html.
INFO:root:FINISHED at Sun Dec 21 04:46:36 2025

INFO:root:STARTED at Sun Dec 21 04:46:57 2025
INFO:root:Copy static/index.css
INFO:root:Copy static/images/gojo.jpeg
INFO:root:Copy static/images/ritsuko.png
INFO:root:Copy static/images/steps.png
INFO:root:Copy static/images/frieren-studying.jpg
INFO:root:Copy static/images/header.jpeg
INFO:root:Copy static/images/partitions.png
INFO:root:Copy static/images/immutability.jpg
INFO:root:Copy static/images/favicon.ico
INFO:root:Copy static/images/rand_max.png
INFO:root:Copy static/images/reddit-meme.jpg
INFO:root:Copy static/images/blackbox1.png
INFO:root:Copy static/images/square.png
INFO:root:Copy static/images/die_num_line.png
INFO:root:Copy static/images/blackbox2.png
INFO:root:Copy static/images/lain-meme.jpeg
INFO:root:Copy static/images/lain_studying.png
INFO:root:Copy static/images/blackbox3.png
INFO:root:Generating page from content/index.md to public/index.md using template.html.
INFO:root:Generating page from content/blog/make_cool_stuff/index.md to public/blog/make_cool_stuff/index.md using template.html.
INFO:root:Generating page from content/blog/learn_ocaml/index.md to public/blog/learn_ocaml/index.md using template.html.
INFO:root:Generating page from content/blog/randomness_impl/index.md to public/blog/randomness_impl/index.md using template.html.
INFO:root:FINISHED at Sun Dec 21 04:46:57 2025

INFO:root:STARTED at Sun Dec 21 04:47:53 2025
INFO:root:Copy static/index.css
INFO:root:Copy static/images/gojo.jpeg
INFO:root:Copy static/images/ritsuko.png
INFO:root:Copy static/images/steps.png
INFO:root:Copy static/images/frieren-studying.jpg
INFO:root:Copy static/images/header.jpeg
INFO:root:Copy static/images/partitions.png
INFO:root:Copy static/images/immutability.jpg
INFO:root:Copy static/images/favicon.ico
INFO:root:Copy static/images/rand_max.png
INFO:root:Copy static/images/reddit-meme.jpg
INFO:root:Copy static/images/blackbox1.png
INFO:root:Copy static/images/square.png
INFO:root:Copy static/images/die_num_line.png
INFO:root:Copy static/images/blackbox2.png
INFO:root:Copy static/images/lain-meme.jpeg
INFO:root:Copy static/images/lain_studying.png
INFO:root:Copy static/images/blackbox3.png
INFO:root:Generating page from content/index.md to public/index.md using template.html.
INFO:root:Generating page from content/blog/make_cool_stuff/index.md to public/blog/make_cool_stuff/index.md using template.html.
INFO:root:Generating page from content/blog/learn_ocaml/index.md to public/blog/learn_ocaml/index.md using template.html.
INFO:root:Generating page from content/blog/randomness_impl/index.md to public/blog/randomness_impl/index.md using template.html.
INFO:root:FINISHED at Sun Dec 21 04:47:53 2025

INFO:root:STARTED at Sun Dec 21 04:48:30 2025
INFO:root:Copy static/index.css
INFO:root:Copy static/images/gojo.jpeg
INFO:root:Copy static/images/ritsuko.png
INFO:root:Copy static/images/steps.png
INFO:root:Copy static/images/frieren-studying.jpg
INFO:root:Copy static/images/header.jpeg
INFO:root:Copy static/images/partitions.png
INFO:root:Copy static/images/immutability.jpg
INFO:root:Copy static/images/favicon.ico
INFO:root:Copy static/images/rand_max.png
INFO:root:Copy static/images/reddit-meme.jpg
INFO:root:Copy static/images/blackbox1.png
INFO:root:Copy static/images/square.png
INFO:root:Copy static/images/die_num_line.png
INFO:root:Copy static/images/blackbox2.png
INFO:root:Copy static/images/lain-meme.jpeg
INFO:root:Copy static/images/lain_studying.png
INFO:root:Copy static/images/blackbox3.png
INFO:root:Generating page from content/index.md to public/index.md using template.html.
INFO:root:Generating page from content/blog/make_cool_stuff/index.md to public/blog/make_cool_stuff/index.md using template.html.
INFO:root:Generating page from content/blog/learn_ocaml/index.md to public/blog/learn_ocaml/index.md using template.html.
INFO:root:Generating page from content/blog/randomness_impl/index.md to public/blog/randomness_impl/index.md using template.html.
INFO:root:FINISHED at Sun Dec 21 04:48:30 2025

INFO:root:STARTED at Sun Dec 21 04:48:41 2025
INFO:root:Copy static/index.css
INFO:root:Copy static/images/gojo.jpeg
INFO:root:Copy static/images/ritsuko.png
INFO:root:Copy static/images/steps.png
INFO:root:Copy static/images/frieren-studying.jpg
INFO:root:Copy static/images/header.jpeg
INFO:root:Copy static/images/partitions.png
INFO:root:Copy static/images/immutability.jpg
INFO:root:Copy static/images/favicon.ico
INFO:root:Copy static/images/rand_max.png
INFO:root:Copy static/images/reddit-meme.jpg
INFO:root:Copy static/images/blackbox1.png
INFO:root:Copy static/images/square.png
INFO:root:Copy static/images/die_num_line.png
INFO:root:Copy static/images/blackbox2.png
INFO:root:Copy static/images/lain-meme.jpeg
INFO:root:Copy static/images/lain_studying.png
INFO:root:Copy static/images/blackbox3.png
INFO:root:Generating page from content/index.md to public/index.md using template.html.
INFO:root:Generating page from content/blog/make_cool_stuff/index.md to public/blog/make_cool_stuff/index.md using template.html.
INFO:root:Generating page from content/blog/learn_ocaml/index.md to public/blog/learn_ocaml/index.md using template.html.
INFO:root:Generating page from content/blog/randomness_impl/index.md to public/blog/randomness_impl/index.md using template.html.
INFO:root:FINISHED at Sun Dec 21 04:48:41 2025

INFO:root:STARTED at Sun Dec 21 04:49:14 2025
INFO:root:Copy static/index.css
INFO:root:Copy static/images/gojo.jpeg
INFO:root:Copy static/images/ritsuko.png
INFO:root:Copy static/images/steps.png
INFO:root:Copy static/images/frieren-studying.jpg
INFO:root:Copy static/images/header.jpeg
INFO:root:Copy static/images/partitions.png
INFO:root:Copy static/images/immutability.jpg
INFO:root:Copy static/images/favicon.ico
INFO:root:Copy static/images/rand_max.png
INFO:root:Copy static/images/reddit-meme.jpg
INFO:root:Copy static/images/blackbox1.png
INFO:root:Copy static/images/square.png
INFO:root:Copy static/images/die_num_line.png
INFO:root:Copy static/images/blackbox2.png
INFO:root:Copy static/images/lain-meme.jpeg
INFO:root:Copy static/images/lain_studying.png
INFO:root:Copy static/images/blackbox3.png
INFO:root:Generating page from content/index.md to public/index.md using template.html.
INFO:root:Generating page from content/blog/make_cool_stuff/index.md to public/blog/make_cool_stuff/index.md using template.html.
INFO:root:Generating page from content/blog/learn_ocaml/index.md to public/blog/learn_ocaml/index.md using template.html.
INFO:root:Generating page from content/blog/randomness_impl/index.md to public/blog/randomness_impl/index.md using template.html.
INFO:root:FINISHED at Sun Dec 21 04:49:14 2025

INFO:root:STARTED at Sun Dec 21 04:49:38 2025
INFO:root:Copy static/index.css
INFO:root:Copy static/images/gojo.jpeg
INFO:root:Copy static/images/ritsuko.png
INFO:root:Copy static/images/steps.png
INFO:root:Copy static/images/frieren-studying.jpg
INFO:root:Copy static/images/header.jpeg
INFO:root:Copy static/images/partitions.png
INFO:root:Copy static/images/immutability.jpg
INFO:root:Copy static/images/favicon.ico
INFO:root:Copy static/images/rand_max.png
INFO:root:Copy static/images/reddit-meme.jpg
INFO:root:Copy static/images/blackbox1.png
INFO:root:Copy static/images/square.png
INFO:root:Copy static/images/die_num_line.png
INFO:root:Copy static/images/blackbox2.png
INFO:root:Copy static/images/lain-meme.jpeg
INFO:root:Copy static/images/lain_studying.png
INFO:root:Copy static/images/blackbox3.png
INFO:root:Generating page from content/index.md to public/index.md using template.html.
INFO:root:Generating page from content/blog/make_cool_stuff/index.md to public/blog/make_cool_stuff/index.md using template.html.
INFO:root:Generating page from content/blog/learn_ocaml/index.md to public/blog/learn_ocaml/index.md using template.html.
INFO:root:Generating page from content/blog/randomness_impl/index.md to public/blog/randomness_impl/index.md using template.html.
INFO:root:FINISHED at Sun Dec 21 04:49:38 2025

INFO:root:STARTED at Sun Dec 21 04:55:02 2025
INFO:root:Copy static/index.css
INFO:root:Copy static/images/gojo.jpeg
INFO:root:Copy static/images/ritsuko.png
INFO:root:Copy static/images/steps.png
INFO:root:Copy static/images/frieren-studying.jpg
INFO:root:Copy static/images/header.jpeg
INFO:root:Copy static/images/partitions.png
INFO:root:Copy static/images/immutability.jpg
INFO:root:Copy static/images/favicon.ico
INFO:root:Copy static/images/rand_max.png
INFO:root:Copy static/images/reddit-meme.jpg
INFO:root:Copy static/images/blackbox1.png
INFO:root:Copy static/images/square.png
INFO:root:Copy static/images/die_num_line.png
INFO:root:Copy static/images/blackbox2.png
INFO:root:Copy static/images/lain-meme.jpeg
INFO:root:Copy static/images/lain_studying.png
INFO:root:Copy static/images/blackbox3.png
INFO:root:Generating page from content/index.md to public/index.md using template.html.
INFO:root:Generating page from content/blog/make_cool_stuff/index.md to public/blog/make_cool_stuff/index.md using template.html.
INFO:root:Generating page from content/blog/learn_ocaml/index.md to public/blog/learn_ocaml/index.md using template.html.
INFO:root:Generating page from content/blog/randomness_impl/index.md to public/blog/randomness_impl/index.md using template.html.
INFO:root:FINISHED at Sun Dec 21 04:55:02 2025

INFO:root:STARTED at Sun Dec 21 04:56:15 2025
INFO:root:Copy static/index.css
INFO:root:Copy static/images/gojo.jpeg
INFO:root:Copy static/images/ritsuko.png
INFO:root:Copy static/images/steps.png
INFO:root:Copy static/images/frieren-studying.jpg
INFO:root:Copy static/images/header.jpeg
INFO:root:Copy static/images/partitions.png
INFO:root:Copy static/images/immutability.jpg
INFO:root:Copy static/images/favicon.ico
INFO:root:Copy static/images/rand_max.png
INFO:root:Copy static/images/reddit-meme.jpg
INFO:root:Copy static/images/blackbox1.png
INFO:root:Copy static/images/square.png
INFO:root:Copy static/images/die_num_line.png
INFO:root:Copy static/images/blackbox2.png
INFO:root:Copy static/images/lain-meme.jpeg
INFO:root:Copy static/images/lain_studying.png
INFO:root:Copy static/images/blackbox3.png
INFO:root:Generating page from content/index.md to public/index.md using template.html.
INFO:root:Generating page from content/blog/make_cool_stuff/index.md to public/blog/make_cool_stuff/index.md using template.html.
INFO:root:Generating page from content/blog/learn_ocaml/index.md to public/blog/learn_ocaml/index.md using template.html.
INFO:root:Generating page from content/blog/randomness_impl/index.md to public/blog/randomness_impl/index.md using template.html.
INFO:root:FINISHED at Sun Dec 21 04:56:15 2025

